<?xml version="1.0" encoding="UTF-8"?>
<beans xmlns="http://www.springframework.org/schema/beans"
	xmlns:xsi="http://www.w3.org/2001/XMLSchema-instance" xmlns:jdbc="http://www.springframework.org/schema/jdbc"
	xmlns:jpa="http://www.springframework.org/schema/data/jpa"
	xmlns:context="http://www.springframework.org/schema/context"
	xsi:schemaLocation="http://www.springframework.org/schema/jdbc http://www.springframework.org/schema/jdbc/spring-jdbc-3.1.xsd
		http://www.springframework.org/schema/beans http://www.springframework.org/schema/beans/spring-beans.xsd
		http://www.springframework.org/schema/data/jpa http://www.springframework.org/schema/data/jpa/spring-jpa-1.2.xsd
		http://www.springframework.org/schema/context 
                    	http://www.springframework.org/schema/context/spring-context-3.2.xsd">

	<!-- Database -->
	<jdbc:embedded-database id="datasource" type="H2"></jdbc:embedded-database>

	<!-- Entity Manager -->
	<bean id="entityManagerFactory"
		class="org.springframework.orm.jpa.LocalContainerEntityManagerFactoryBean">
		<property name="dataSource" ref="datasource" />
		<property name="packagesToScan" value="fr.adhoc.mondressing.domain"></property>
		<!-- <property name="persistenceUnitName" value="tothought-tutorial-test" 
			/> -->
		<property name="jpaVendorAdapter">
			<bean class="org.springframework.orm.jpa.vendor.HibernateJpaVendorAdapter">
				<property name="showSql" value="true" />
				<property name="generateDdl" value="true" />
				<property name="databasePlatform" value="org.hibernate.dialect.H2Dialect" />
			</bean>
		</property>
	</bean>

	<!-- Transaction Manager -->
	<bean id="transactionManager" class="org.springframework.orm.jpa.JpaTransactionManager">
		<property name="entityManagerFactory" ref="entityManagerFactory" />
	</bean>

	<!-- Jpa Repositories -->
	<jpa:repositories base-package="fr.adhoc.mondressing.domain.repositories"></jpa:repositories>

	<context:component-scan base-package="fr.adhoc.mondressing.domain" />

</beans>
